2025-05-04 08:42:31,470 - calcsensitivity - INFO - Logging initialized
2025-05-04 08:42:31,826 - werkzeug - INFO - [31m[1mWARNING: This is a development server. Do not use it in a production deployment. Use a production WSGI server instead.[0m
 * Running on http://127.0.0.1:2500
2025-05-04 08:42:31,826 - werkzeug - INFO - [33mPress CTRL+C to quit[0m
2025-05-04 08:42:31,847 - werkzeug - INFO -  * Restarting with stat
2025-05-04 08:42:37,095 - calcsensitivity - INFO - Logging initialized
2025-05-04 08:42:37,176 - werkzeug - WARNING -  * Debugger is active!
2025-05-04 08:42:37,176 - werkzeug - INFO -  * Debugger PIN: 119-059-632
2025-05-04 09:01:52,542 - calcsensitivity - INFO - Logging initialized
2025-05-04 09:01:52,636 - werkzeug - INFO - [31m[1mWARNING: This is a development server. Do not use it in a production deployment. Use a production WSGI server instead.[0m
 * Running on http://127.0.0.1:2500
2025-05-04 09:01:52,636 - werkzeug - INFO - [33mPress CTRL+C to quit[0m
2025-05-04 09:01:52,636 - werkzeug - INFO -  * Restarting with stat
2025-05-04 09:01:55,609 - calcsensitivity - INFO - Logging initialized
2025-05-04 09:01:55,640 - werkzeug - WARNING -  * Debugger is active!
2025-05-04 09:01:55,640 - werkzeug - INFO -  * Debugger PIN: 119-059-632
2025-05-04 09:02:32,449 - calcsensitivity - INFO - Logging initialized
2025-05-04 09:02:32,527 - werkzeug - INFO - [31m[1mWARNING: This is a development server. Do not use it in a production deployment. Use a production WSGI server instead.[0m
 * Running on http://127.0.0.1:2500
2025-05-04 09:02:32,527 - werkzeug - INFO - [33mPress CTRL+C to quit[0m
2025-05-04 09:02:32,527 - werkzeug - INFO -  * Restarting with stat
2025-05-04 09:02:35,541 - calcsensitivity - INFO - Logging initialized
2025-05-04 09:02:35,587 - werkzeug - WARNING -  * Debugger is active!
2025-05-04 09:02:35,603 - werkzeug - INFO -  * Debugger PIN: 119-059-632
2025-05-04 09:21:26,599 - calcsensitivity - INFO - Logging initialized
2025-05-04 09:21:26,990 - werkzeug - INFO - [31m[1mWARNING: This is a development server. Do not use it in a production deployment. Use a production WSGI server instead.[0m
 * Running on http://127.0.0.1:2500
2025-05-04 09:21:26,990 - werkzeug - INFO - [33mPress CTRL+C to quit[0m
2025-05-04 09:21:27,005 - werkzeug - INFO -  * Restarting with stat
2025-05-04 09:21:46,926 - calcsensitivity - INFO - Logging initialized
2025-05-04 09:21:47,377 - werkzeug - WARNING -  * Debugger is active!
2025-05-04 09:21:47,393 - werkzeug - INFO -  * Debugger PIN: 119-059-632
2025-05-12 02:03:28,864 - calcsensitivity - INFO - Logging initialized
2025-05-12 02:03:28,968 - werkzeug - INFO - [31m[1mWARNING: This is a development server. Do not use it in a production deployment. Use a production WSGI server instead.[0m
 * Running on http://127.0.0.1:2500
2025-05-12 02:03:28,968 - werkzeug - INFO - [33mPress CTRL+C to quit[0m
2025-05-12 02:03:28,971 - werkzeug - INFO -  * Restarting with stat
2025-05-12 02:03:32,633 - calcsensitivity - INFO - Logging initialized
2025-05-12 02:03:32,699 - werkzeug - WARNING -  * Debugger is active!
2025-05-12 02:03:32,707 - werkzeug - INFO -  * Debugger PIN: 119-059-632
2025-05-12 02:31:14,843 - calcsensitivity - INFO - Logging initialized
2025-05-12 02:31:14,973 - werkzeug - INFO - [31m[1mWARNING: This is a development server. Do not use it in a production deployment. Use a production WSGI server instead.[0m
 * Running on http://127.0.0.1:2500
2025-05-12 02:31:14,973 - werkzeug - INFO - [33mPress CTRL+C to quit[0m
2025-05-12 02:31:14,977 - werkzeug - INFO -  * Restarting with stat
2025-05-12 02:31:19,896 - calcsensitivity - INFO - Logging initialized
2025-05-12 02:31:20,003 - werkzeug - WARNING -  * Debugger is active!
2025-05-12 02:31:20,013 - werkzeug - INFO -  * Debugger PIN: 119-059-632
2025-05-12 17:04:47,257 - calcsensitivity - INFO - Logging initialized
2025-05-12 17:04:47,485 - werkzeug - INFO - [31m[1mWARNING: This is a development server. Do not use it in a production deployment. Use a production WSGI server instead.[0m
 * Running on http://127.0.0.1:2500
2025-05-12 17:04:47,500 - werkzeug - INFO - [33mPress CTRL+C to quit[0m
2025-05-12 17:04:47,500 - werkzeug - INFO -  * Restarting with stat
2025-05-12 17:05:01,566 - calcsensitivity - INFO - Logging initialized
2025-05-12 17:05:02,349 - werkzeug - WARNING -  * Debugger is active!
2025-05-12 17:05:02,365 - werkzeug - INFO -  * Debugger PIN: 119-059-632
2025-05-13 07:33:37,940 - calcsensitivity - INFO - Logging initialized
2025-05-13 07:33:38,050 - werkzeug - INFO - [31m[1mWARNING: This is a development server. Do not use it in a production deployment. Use a production WSGI server instead.[0m
 * Running on http://127.0.0.1:2500
2025-05-13 07:33:38,050 - werkzeug - INFO - [33mPress CTRL+C to quit[0m
2025-05-13 07:33:38,050 - werkzeug - INFO -  * Restarting with stat
2025-05-13 07:33:41,599 - calcsensitivity - INFO - Logging initialized
2025-05-13 07:33:41,662 - werkzeug - WARNING -  * Debugger is active!
2025-05-13 07:33:41,662 - werkzeug - INFO -  * Debugger PIN: 119-059-632
