2025-05-04 09:01:54 - INFO - Flask Sub.py logging initialized
2025-05-04 09:01:54 - INFO - [31m[1mWARNING: This is a development server. Do not use it in a production deployment. Use a production WSGI server instead.[0m
 * Running on http://127.0.0.1:5009
2025-05-04 09:01:54 - INFO - [33mPress CTRL+C to quit[0m
2025-05-04 09:01:54 - INFO -  * Restarting with stat
2025-05-04 09:01:54 - INFO - Flask Sub.py logging initialized
2025-05-04 09:01:54 - WARNING -  * Debugger is active!
2025-05-04 09:01:54 - INFO -  * Debugger PIN: 119-059-632
2025-05-04 09:02:33 - INFO - Flask Sub.py logging initialized
2025-05-04 09:02:33 - INFO - [31m[1mWARNING: This is a development server. Do not use it in a production deployment. Use a production WSGI server instead.[0m
 * Running on http://127.0.0.1:5009
2025-05-04 09:02:33 - INFO - [33mPress CTRL+C to quit[0m
2025-05-04 09:02:33 - INFO -  * Restarting with stat
2025-05-04 09:02:33 - INFO - Flask Sub.py logging initialized
2025-05-04 09:02:33 - WARNING -  * Debugger is active!
2025-05-04 09:02:33 - INFO -  * Debugger PIN: 119-059-632
2025-05-04 09:21:27 - INFO - Flask Sub.py logging initialized
2025-05-04 09:21:27 - INFO - [31m[1mWARNING: This is a development server. Do not use it in a production deployment. Use a production WSGI server instead.[0m
 * Running on http://127.0.0.1:5009
2025-05-04 09:21:27 - INFO - [33mPress CTRL+C to quit[0m
2025-05-04 09:21:27 - INFO -  * Restarting with stat
2025-05-04 09:21:29 - INFO - Flask Sub.py logging initialized
2025-05-04 09:21:30 - WARNING -  * Debugger is active!
2025-05-04 09:21:30 - INFO -  * Debugger PIN: 119-059-632
2025-05-12 02:03:28 - INFO - Flask Sub.py logging initialized
2025-05-12 02:03:28 - INFO - [31m[1mWARNING: This is a development server. Do not use it in a production deployment. Use a production WSGI server instead.[0m
 * Running on http://127.0.0.1:5009
2025-05-12 02:03:28 - INFO - [33mPress CTRL+C to quit[0m
2025-05-12 02:03:28 - INFO -  * Restarting with stat
2025-05-12 02:03:29 - INFO - Flask Sub.py logging initialized
2025-05-12 02:03:29 - WARNING -  * Debugger is active!
2025-05-12 02:03:29 - INFO -  * Debugger PIN: 119-059-632
2025-05-12 02:31:15 - INFO - Flask Sub.py logging initialized
2025-05-12 02:31:15 - INFO - [31m[1mWARNING: This is a development server. Do not use it in a production deployment. Use a production WSGI server instead.[0m
 * Running on http://127.0.0.1:5009
2025-05-12 02:31:15 - INFO - [33mPress CTRL+C to quit[0m
2025-05-12 02:31:15 - INFO -  * Restarting with stat
2025-05-12 02:31:15 - INFO - Flask Sub.py logging initialized
2025-05-12 02:31:15 - WARNING -  * Debugger is active!
2025-05-12 02:31:15 - INFO -  * Debugger PIN: 119-059-632
